ARM GAS  C:\Users\guest\AppData\Local\Temp\ccfT8tNk.s 			page 1


   1              		.syntax unified
   2              		.cpu cortex-m3
   3              		.fpu softvfp
   4              		.eabi_attribute 20, 1
   5              		.eabi_attribute 21, 1
   6              		.eabi_attribute 23, 3
   7              		.eabi_attribute 24, 1
   8              		.eabi_attribute 25, 1
   9              		.eabi_attribute 26, 1
  10              		.eabi_attribute 30, 1
  11              		.eabi_attribute 34, 1
  12              		.eabi_attribute 18, 4
  13              		.thumb
  14              		.syntax unified
  15              		.file	"cymetadata.c"
  16              		.text
  17              	.Ltext0:
  18              		.cfi_sections	.debug_frame
  19              		.global	cy_metadata
  20              		.global	cy_meta_flashprotect
  21              		.global	cy_meta_wonvl
  22              		.global	cy_meta_custnvl
  23              		.global	cy_meta_configecc
  24              		.section	.cyconfigecc,"a",%progbits
  25              		.align	2
  26              		.type	cy_meta_configecc, %object
  27              		.size	cy_meta_configecc, 236
  28              	cy_meta_configecc:
  29 0000 02       		.byte	2
  30 0001 4F       		.byte	79
  31 0002 00       		.byte	0
  32 0003 40       		.byte	64
  33 0004 02       		.byte	2
  34 0005 52       		.byte	82
  35 0006 00       		.byte	0
  36 0007 40       		.byte	64
  37 0008 01       		.byte	1
  38 0009 05       		.byte	5
  39 000a 01       		.byte	1
  40 000b 40       		.byte	64
  41 000c 02       		.byte	2
  42 000d 07       		.byte	7
  43 000e 01       		.byte	1
  44 000f 40       		.byte	64
  45 0010 04       		.byte	4
  46 0011 09       		.byte	9
  47 0012 01       		.byte	1
  48 0013 40       		.byte	64
  49 0014 05       		.byte	5
  50 0015 0A       		.byte	10
  51 0016 01       		.byte	1
  52 0017 40       		.byte	64
  53 0018 04       		.byte	4
  54 0019 0B       		.byte	11
  55 001a 01       		.byte	1
  56 001b 40       		.byte	64
  57 001c 01       		.byte	1
ARM GAS  C:\Users\guest\AppData\Local\Temp\ccfT8tNk.s 			page 2


  58 001d 15       		.byte	21
  59 001e 01       		.byte	1
  60 001f 40       		.byte	64
  61 0020 01       		.byte	1
  62 0021 1B       		.byte	27
  63 0022 01       		.byte	1
  64 0023 40       		.byte	64
  65 0024 06       		.byte	6
  66 0025 40       		.byte	64
  67 0026 01       		.byte	1
  68 0027 40       		.byte	64
  69 0028 02       		.byte	2
  70 0029 41       		.byte	65
  71 002a 01       		.byte	1
  72 002b 40       		.byte	64
  73 002c 07       		.byte	7
  74 002d 42       		.byte	66
  75 002e 01       		.byte	1
  76 002f 40       		.byte	64
  77 0030 0B       		.byte	11
  78 0031 43       		.byte	67
  79 0032 01       		.byte	1
  80 0033 40       		.byte	64
  81 0034 01       		.byte	1
  82 0035 48       		.byte	72
  83 0036 01       		.byte	1
  84 0037 40       		.byte	64
  85 0038 02       		.byte	2
  86 0039 49       		.byte	73
  87 003a 01       		.byte	1
  88 003b 40       		.byte	64
  89 003c 02       		.byte	2
  90 003d 4C       		.byte	76
  91 003e 01       		.byte	1
  92 003f 40       		.byte	64
  93 0040 01       		.byte	1
  94 0041 4D       		.byte	77
  95 0042 01       		.byte	1
  96 0043 40       		.byte	64
  97 0044 01       		.byte	1
  98 0045 51       		.byte	81
  99 0046 01       		.byte	1
 100 0047 40       		.byte	64
 101 0048 0A       		.byte	10
 102 0049 9C       		.byte	-100
 103 004a 16       		.byte	22
 104 004b 9C       		.byte	-100
 105 004c 20       		.byte	32
 106 004d 06       		.byte	6
 107 004e 21       		.byte	33
 108 004f 02       		.byte	2
 109 0050 E6       		.byte	-26
 110 0051 08       		.byte	8
 111 0052 E2       		.byte	-30
 112 0053 80       		.byte	-128
 113 0054 EA       		.byte	-22
 114 0055 08       		.byte	8
ARM GAS  C:\Users\guest\AppData\Local\Temp\ccfT8tNk.s 			page 3


 115 0056 8B       		.byte	-117
 116 0057 04       		.byte	4
 117 0058 93       		.byte	-109
 118 0059 08       		.byte	8
 119 005a AF       		.byte	-81
 120 005b 02       		.byte	2
 121 005c E2       		.byte	-30
 122 005d 80       		.byte	-128
 123 005e B8       		.byte	-72
 124 005f 08       		.byte	8
 125 0060 BE       		.byte	-66
 126 0061 04       		.byte	4
 127 0062 D8       		.byte	-40
 128 0063 04       		.byte	4
 129 0064 DB       		.byte	-37
 130 0065 04       		.byte	4
 131 0066 DF       		.byte	-33
 132 0067 01       		.byte	1
 133 0068 1F       		.byte	31
 134 0069 04       		.byte	4
 135 006a 6E       		.byte	110
 136 006b 20       		.byte	32
 137 006c 6F       		.byte	111
 138 006d 02       		.byte	2
 139 006e 86       		.byte	-122
 140 006f 10       		.byte	16
 141 0070 EE       		.byte	-18
 142 0071 08       		.byte	8
 143 0072 EE       		.byte	-18
 144 0073 08       		.byte	8
 145 0074 33       		.byte	51
 146 0075 20       		.byte	32
 147 0076 54       		.byte	84
 148 0077 10       		.byte	16
 149 0078 57       		.byte	87
 150 0079 02       		.byte	2
 151 007a CC       		.byte	-52
 152 007b 10       		.byte	16
 153 007c D4       		.byte	-44
 154 007d 40       		.byte	64
 155 007e D6       		.byte	-42
 156 007f 20       		.byte	32
 157 0080 A4       		.byte	-92
 158 0081 10       		.byte	16
 159 0082 A7       		.byte	-89
 160 0083 22       		.byte	34
 161 0084 62       		.byte	98
 162 0085 40       		.byte	64
 163 0086 65       		.byte	101
 164 0087 40       		.byte	64
 165 0088 85       		.byte	-123
 166 0089 40       		.byte	64
 167 008a A4       		.byte	-92
 168 008b 10       		.byte	16
 169 008c A7       		.byte	-89
 170 008d 22       		.byte	34
 171 008e D6       		.byte	-42
ARM GAS  C:\Users\guest\AppData\Local\Temp\ccfT8tNk.s 			page 4


 172 008f C0       		.byte	-64
 173 0090 E6       		.byte	-26
 174 0091 10       		.byte	16
 175 0092 1B       		.byte	27
 176 0093 02       		.byte	2
 177 0094 1C       		.byte	28
 178 0095 20       		.byte	32
 179 0096 60       		.byte	96
 180 0097 20       		.byte	32
 181 0098 64       		.byte	100
 182 0099 20       		.byte	32
 183 009a 88       		.byte	-120
 184 009b 20       		.byte	32
 185 009c A4       		.byte	-92
 186 009d 10       		.byte	16
 187 009e A7       		.byte	-89
 188 009f 22       		.byte	34
 189 00a0 AE       		.byte	-82
 190 00a1 40       		.byte	64
 191 00a2 C6       		.byte	-58
 192 00a3 30       		.byte	48
 193 00a4 D8       		.byte	-40
 194 00a5 C0       		.byte	-64
 195 00a6 EA       		.byte	-22
 196 00a7 10       		.byte	16
 197 00a8 A7       		.byte	-89
 198 00a9 20       		.byte	32
 199 00aa AF       		.byte	-81
 200 00ab 20       		.byte	32
 201 00ac EE       		.byte	-18
 202 00ad 10       		.byte	16
 203 00ae 1F       		.byte	31
 204 00af 80       		.byte	-128
 205 00b0 C6       		.byte	-58
 206 00b1 01       		.byte	1
 207 00b2 AF       		.byte	-81
 208 00b3 80       		.byte	-128
 209 00b4 00       		.byte	0
 210 00b5 03       		.byte	3
 211 00b6 00       		.byte	0
 212 00b7 00       		.byte	0
 213 00b8 00       		.byte	0
 214 00b9 00       		.byte	0
 215 00ba 00       		.byte	0
 216 00bb 00       		.byte	0
 217 00bc 00       		.byte	0
 218 00bd 00       		.byte	0
 219 00be 04       		.byte	4
 220 00bf 00       		.byte	0
 221 00c0 00       		.byte	0
 222 00c1 0B       		.byte	11
 223 00c2 0B       		.byte	11
 224 00c3 00       		.byte	0
 225 00c4 00       		.byte	0
 226 00c5 00       		.byte	0
 227 00c6 00       		.byte	0
 228 00c7 00       		.byte	0
ARM GAS  C:\Users\guest\AppData\Local\Temp\ccfT8tNk.s 			page 5


 229 00c8 00       		.byte	0
 230 00c9 7F       		.byte	127
 231 00ca 7F       		.byte	127
 232 00cb 00       		.byte	0
 233 00cc 00       		.byte	0
 234 00cd 00       		.byte	0
 235 00ce 00       		.byte	0
 236 00cf 00       		.byte	0
 237 00d0 00       		.byte	0
 238 00d1 0F       		.byte	15
 239 00d2 0F       		.byte	15
 240 00d3 00       		.byte	0
 241 00d4 06       		.byte	6
 242 00d5 00       		.byte	0
 243 00d6 00       		.byte	0
 244 00d7 00       		.byte	0
 245 00d8 C0       		.byte	-64
 246 00d9 00       		.byte	0
 247 00da 00       		.byte	0
 248 00db 00       		.byte	0
 249 00dc 00       		.byte	0
 250 00dd 00       		.byte	0
 251 00de 00       		.byte	0
 252 00df 00       		.byte	0
 253 00e0 02       		.byte	2
 254 00e1 00       		.byte	0
 255 00e2 00       		.byte	0
 256 00e3 00       		.byte	0
 257 00e4 00       		.byte	0
 258 00e5 00       		.byte	0
 259 00e6 20       		.byte	32
 260 00e7 00       		.byte	0
 261 00e8 01       		.byte	1
 262 00e9 00       		.byte	0
 263 00ea 18       		.byte	24
 264 00eb 01       		.byte	1
 265              		.section	.cywolatch,"a",%progbits
 266              		.align	2
 267              		.type	cy_meta_wonvl, %object
 268              		.size	cy_meta_wonvl, 4
 269              	cy_meta_wonvl:
 270 0000 BC       		.byte	-68
 271 0001 90       		.byte	-112
 272 0002 AC       		.byte	-84
 273 0003 AF       		.byte	-81
 274              		.section	.cycustnvl,"a",%progbits
 275              		.align	2
 276              		.type	cy_meta_custnvl, %object
 277              		.size	cy_meta_custnvl, 4
 278              	cy_meta_custnvl:
 279 0000 00       		.byte	0
 280 0001 00       		.byte	0
 281 0002 40       		.byte	64
 282 0003 05       		.byte	5
 283              		.section	.cymeta,"a",%progbits
 284              		.align	2
 285              		.type	cy_metadata, %object
ARM GAS  C:\Users\guest\AppData\Local\Temp\ccfT8tNk.s 			page 6


 286              		.size	cy_metadata, 12
 287              	cy_metadata:
 288 0000 00       		.byte	0
 289 0001 01       		.byte	1
 290 0002 2E       		.byte	46
 291 0003 12       		.byte	18
 292 0004 30       		.byte	48
 293 0005 69       		.byte	105
 294 0006 00       		.byte	0
 295 0007 01       		.byte	1
 296 0008 00       		.byte	0
 297 0009 00       		.byte	0
 298 000a 00       		.byte	0
 299 000b 00       		.byte	0
 300              		.section	.cyflashprotect,"a",%progbits
 301              		.align	2
 302              		.type	cy_meta_flashprotect, %object
 303              		.size	cy_meta_flashprotect, 256
 304              	cy_meta_flashprotect:
 305 0000 00000000 		.space	256
 305      00000000 
 305      00000000 
 305      00000000 
 305      00000000 
 306              		.text
 307              	.Letext0:
 308              		.file 1 "c:\\program files (x86)\\cypress\\psoc creator\\4.3\\psoc creator\\import\\gnu\\arm\\5.4.
 309              		.file 2 "c:\\program files (x86)\\cypress\\psoc creator\\4.3\\psoc creator\\import\\gnu\\arm\\5.4.
 310              		.file 3 "Generated_Source\\PSoC5\\cymetadata.c"
 311              		.section	.debug_info,"",%progbits
 312              	.Ldebug_info0:
 313 0000 30010000 		.4byte	0x130
 314 0004 0400     		.2byte	0x4
 315 0006 00000000 		.4byte	.Ldebug_abbrev0
 316 000a 04       		.byte	0x4
 317 000b 01       		.uleb128 0x1
 318 000c 24000000 		.4byte	.LASF17
 319 0010 0C       		.byte	0xc
 320 0011 CA010000 		.4byte	.LASF18
 321 0015 B2000000 		.4byte	.LASF19
 322 0019 00000000 		.4byte	.Ldebug_line0
 323 001d 02       		.uleb128 0x2
 324 001e 01       		.byte	0x1
 325 001f 06       		.byte	0x6
 326 0020 BE010000 		.4byte	.LASF0
 327 0024 03       		.uleb128 0x3
 328 0025 00000000 		.4byte	.LASF9
 329 0029 01       		.byte	0x1
 330 002a 1D       		.byte	0x1d
 331 002b 2F000000 		.4byte	0x2f
 332 002f 02       		.uleb128 0x2
 333 0030 01       		.byte	0x1
 334 0031 08       		.byte	0x8
 335 0032 16000000 		.4byte	.LASF1
 336 0036 02       		.uleb128 0x2
 337 0037 02       		.byte	0x2
 338 0038 05       		.byte	0x5
ARM GAS  C:\Users\guest\AppData\Local\Temp\ccfT8tNk.s 			page 7


 339 0039 AB010000 		.4byte	.LASF2
 340 003d 02       		.uleb128 0x2
 341 003e 02       		.byte	0x2
 342 003f 07       		.byte	0x7
 343 0040 FE000000 		.4byte	.LASF3
 344 0044 02       		.uleb128 0x2
 345 0045 04       		.byte	0x4
 346 0046 05       		.byte	0x5
 347 0047 B5010000 		.4byte	.LASF4
 348 004b 02       		.uleb128 0x2
 349 004c 04       		.byte	0x4
 350 004d 07       		.byte	0x7
 351 004e 11010000 		.4byte	.LASF5
 352 0052 02       		.uleb128 0x2
 353 0053 08       		.byte	0x8
 354 0054 05       		.byte	0x5
 355 0055 9D010000 		.4byte	.LASF6
 356 0059 02       		.uleb128 0x2
 357 005a 08       		.byte	0x8
 358 005b 07       		.byte	0x7
 359 005c 52010000 		.4byte	.LASF7
 360 0060 04       		.uleb128 0x4
 361 0061 04       		.byte	0x4
 362 0062 05       		.byte	0x5
 363 0063 696E7400 		.ascii	"int\000"
 364 0067 02       		.uleb128 0x2
 365 0068 04       		.byte	0x4
 366 0069 07       		.byte	0x7
 367 006a 45010000 		.4byte	.LASF8
 368 006e 03       		.uleb128 0x3
 369 006f 69010000 		.4byte	.LASF10
 370 0073 02       		.byte	0x2
 371 0074 18       		.byte	0x18
 372 0075 24000000 		.4byte	0x24
 373 0079 05       		.uleb128 0x5
 374 007a 90000000 		.4byte	0x90
 375 007e 89000000 		.4byte	0x89
 376 0082 06       		.uleb128 0x6
 377 0083 89000000 		.4byte	0x89
 378 0087 EB       		.byte	0xeb
 379 0088 00       		.byte	0
 380 0089 02       		.uleb128 0x2
 381 008a 04       		.byte	0x4
 382 008b 07       		.byte	0x7
 383 008c 94010000 		.4byte	.LASF11
 384 0090 07       		.uleb128 0x7
 385 0091 6E000000 		.4byte	0x6e
 386 0095 08       		.uleb128 0x8
 387 0096 33010000 		.4byte	.LASF12
 388 009a 03       		.byte	0x3
 389 009b 1F       		.byte	0x1f
 390 009c A6000000 		.4byte	0xa6
 391 00a0 05       		.uleb128 0x5
 392 00a1 03       		.byte	0x3
 393 00a2 00000000 		.4byte	cy_meta_configecc
 394 00a6 07       		.uleb128 0x7
 395 00a7 79000000 		.4byte	0x79
ARM GAS  C:\Users\guest\AppData\Local\Temp\ccfT8tNk.s 			page 8


 396 00ab 05       		.uleb128 0x5
 397 00ac 90000000 		.4byte	0x90
 398 00b0 BB000000 		.4byte	0xbb
 399 00b4 06       		.uleb128 0x6
 400 00b5 89000000 		.4byte	0x89
 401 00b9 03       		.byte	0x3
 402 00ba 00       		.byte	0
 403 00bb 08       		.uleb128 0x8
 404 00bc 23010000 		.4byte	.LASF13
 405 00c0 03       		.byte	0x3
 406 00c1 4A       		.byte	0x4a
 407 00c2 CC000000 		.4byte	0xcc
 408 00c6 05       		.uleb128 0x5
 409 00c7 03       		.byte	0x3
 410 00c8 00000000 		.4byte	cy_meta_custnvl
 411 00cc 07       		.uleb128 0x7
 412 00cd AB000000 		.4byte	0xab
 413 00d1 08       		.uleb128 0x8
 414 00d2 86010000 		.4byte	.LASF14
 415 00d6 03       		.byte	0x3
 416 00d7 58       		.byte	0x58
 417 00d8 E2000000 		.4byte	0xe2
 418 00dc 05       		.uleb128 0x5
 419 00dd 03       		.byte	0x3
 420 00de 00000000 		.4byte	cy_meta_wonvl
 421 00e2 07       		.uleb128 0x7
 422 00e3 AB000000 		.4byte	0xab
 423 00e7 05       		.uleb128 0x5
 424 00e8 90000000 		.4byte	0x90
 425 00ec F7000000 		.4byte	0xf7
 426 00f0 06       		.uleb128 0x6
 427 00f1 89000000 		.4byte	0x89
 428 00f5 FF       		.byte	0xff
 429 00f6 00       		.byte	0
 430 00f7 08       		.uleb128 0x8
 431 00f8 71010000 		.4byte	.LASF15
 432 00fc 03       		.byte	0x3
 433 00fd 66       		.byte	0x66
 434 00fe 08010000 		.4byte	0x108
 435 0102 05       		.uleb128 0x5
 436 0103 03       		.byte	0x3
 437 0104 00000000 		.4byte	cy_meta_flashprotect
 438 0108 07       		.uleb128 0x7
 439 0109 E7000000 		.4byte	0xe7
 440 010d 05       		.uleb128 0x5
 441 010e 90000000 		.4byte	0x90
 442 0112 1D010000 		.4byte	0x11d
 443 0116 06       		.uleb128 0x6
 444 0117 89000000 		.4byte	0x89
 445 011b 0B       		.byte	0xb
 446 011c 00       		.byte	0
 447 011d 08       		.uleb128 0x8
 448 011e 0A000000 		.4byte	.LASF16
 449 0122 03       		.byte	0x3
 450 0123 93       		.byte	0x93
 451 0124 2E010000 		.4byte	0x12e
 452 0128 05       		.uleb128 0x5
ARM GAS  C:\Users\guest\AppData\Local\Temp\ccfT8tNk.s 			page 9


 453 0129 03       		.byte	0x3
 454 012a 00000000 		.4byte	cy_metadata
 455 012e 07       		.uleb128 0x7
 456 012f 0D010000 		.4byte	0x10d
 457 0133 00       		.byte	0
 458              		.section	.debug_abbrev,"",%progbits
 459              	.Ldebug_abbrev0:
 460 0000 01       		.uleb128 0x1
 461 0001 11       		.uleb128 0x11
 462 0002 01       		.byte	0x1
 463 0003 25       		.uleb128 0x25
 464 0004 0E       		.uleb128 0xe
 465 0005 13       		.uleb128 0x13
 466 0006 0B       		.uleb128 0xb
 467 0007 03       		.uleb128 0x3
 468 0008 0E       		.uleb128 0xe
 469 0009 1B       		.uleb128 0x1b
 470 000a 0E       		.uleb128 0xe
 471 000b 10       		.uleb128 0x10
 472 000c 17       		.uleb128 0x17
 473 000d 00       		.byte	0
 474 000e 00       		.byte	0
 475 000f 02       		.uleb128 0x2
 476 0010 24       		.uleb128 0x24
 477 0011 00       		.byte	0
 478 0012 0B       		.uleb128 0xb
 479 0013 0B       		.uleb128 0xb
 480 0014 3E       		.uleb128 0x3e
 481 0015 0B       		.uleb128 0xb
 482 0016 03       		.uleb128 0x3
 483 0017 0E       		.uleb128 0xe
 484 0018 00       		.byte	0
 485 0019 00       		.byte	0
 486 001a 03       		.uleb128 0x3
 487 001b 16       		.uleb128 0x16
 488 001c 00       		.byte	0
 489 001d 03       		.uleb128 0x3
 490 001e 0E       		.uleb128 0xe
 491 001f 3A       		.uleb128 0x3a
 492 0020 0B       		.uleb128 0xb
 493 0021 3B       		.uleb128 0x3b
 494 0022 0B       		.uleb128 0xb
 495 0023 49       		.uleb128 0x49
 496 0024 13       		.uleb128 0x13
 497 0025 00       		.byte	0
 498 0026 00       		.byte	0
 499 0027 04       		.uleb128 0x4
 500 0028 24       		.uleb128 0x24
 501 0029 00       		.byte	0
 502 002a 0B       		.uleb128 0xb
 503 002b 0B       		.uleb128 0xb
 504 002c 3E       		.uleb128 0x3e
 505 002d 0B       		.uleb128 0xb
 506 002e 03       		.uleb128 0x3
 507 002f 08       		.uleb128 0x8
 508 0030 00       		.byte	0
 509 0031 00       		.byte	0
ARM GAS  C:\Users\guest\AppData\Local\Temp\ccfT8tNk.s 			page 10


 510 0032 05       		.uleb128 0x5
 511 0033 01       		.uleb128 0x1
 512 0034 01       		.byte	0x1
 513 0035 49       		.uleb128 0x49
 514 0036 13       		.uleb128 0x13
 515 0037 01       		.uleb128 0x1
 516 0038 13       		.uleb128 0x13
 517 0039 00       		.byte	0
 518 003a 00       		.byte	0
 519 003b 06       		.uleb128 0x6
 520 003c 21       		.uleb128 0x21
 521 003d 00       		.byte	0
 522 003e 49       		.uleb128 0x49
 523 003f 13       		.uleb128 0x13
 524 0040 2F       		.uleb128 0x2f
 525 0041 0B       		.uleb128 0xb
 526 0042 00       		.byte	0
 527 0043 00       		.byte	0
 528 0044 07       		.uleb128 0x7
 529 0045 26       		.uleb128 0x26
 530 0046 00       		.byte	0
 531 0047 49       		.uleb128 0x49
 532 0048 13       		.uleb128 0x13
 533 0049 00       		.byte	0
 534 004a 00       		.byte	0
 535 004b 08       		.uleb128 0x8
 536 004c 34       		.uleb128 0x34
 537 004d 00       		.byte	0
 538 004e 03       		.uleb128 0x3
 539 004f 0E       		.uleb128 0xe
 540 0050 3A       		.uleb128 0x3a
 541 0051 0B       		.uleb128 0xb
 542 0052 3B       		.uleb128 0x3b
 543 0053 0B       		.uleb128 0xb
 544 0054 49       		.uleb128 0x49
 545 0055 13       		.uleb128 0x13
 546 0056 3F       		.uleb128 0x3f
 547 0057 19       		.uleb128 0x19
 548 0058 02       		.uleb128 0x2
 549 0059 18       		.uleb128 0x18
 550 005a 00       		.byte	0
 551 005b 00       		.byte	0
 552 005c 00       		.byte	0
 553              		.section	.debug_aranges,"",%progbits
 554 0000 14000000 		.4byte	0x14
 555 0004 0200     		.2byte	0x2
 556 0006 00000000 		.4byte	.Ldebug_info0
 557 000a 04       		.byte	0x4
 558 000b 00       		.byte	0
 559 000c 0000     		.2byte	0
 560 000e 0000     		.2byte	0
 561 0010 00000000 		.4byte	0
 562 0014 00000000 		.4byte	0
 563              		.section	.debug_line,"",%progbits
 564              	.Ldebug_line0:
 565 0000 3D010000 		.section	.debug_str,"MS",%progbits,1
 565      02003701 
ARM GAS  C:\Users\guest\AppData\Local\Temp\ccfT8tNk.s 			page 11


 565      00000201 
 565      FB0E0D00 
 565      01010101 
 566              	.LASF9:
 567 0000 5F5F7569 		.ascii	"__uint8_t\000"
 567      6E74385F 
 567      7400
 568              	.LASF16:
 569 000a 63795F6D 		.ascii	"cy_metadata\000"
 569      65746164 
 569      61746100 
 570              	.LASF1:
 571 0016 756E7369 		.ascii	"unsigned char\000"
 571      676E6564 
 571      20636861 
 571      7200
 572              	.LASF17:
 573 0024 474E5520 		.ascii	"GNU C11 5.4.1 20160609 (release) [ARM/embedded-5-br"
 573      43313120 
 573      352E342E 
 573      31203230 
 573      31363036 
 574 0057 616E6368 		.ascii	"anch revision 237715] -mcpu=cortex-m3 -mthumb -g -O"
 574      20726576 
 574      6973696F 
 574      6E203233 
 574      37373135 
 575 008a 67202D66 		.ascii	"g -ffunction-sections -ffat-lto-objects\000"
 575      66756E63 
 575      74696F6E 
 575      2D736563 
 575      74696F6E 
 576              	.LASF19:
 577 00b2 433A5C55 		.ascii	"C:\\Users\\guest\\Documents\\Random agymenes\\Beagy"
 577      73657273 
 577      5C677565 
 577      73745C44 
 577      6F63756D 
 578 00e0 617A6F74 		.ascii	"azott\\Robotka\\Robotka_1.cydsn\000"
 578      745C526F 
 578      626F746B 
 578      615C526F 
 578      626F746B 
 579              	.LASF3:
 580 00fe 73686F72 		.ascii	"short unsigned int\000"
 580      7420756E 
 580      7369676E 
 580      65642069 
 580      6E7400
 581              	.LASF5:
 582 0111 6C6F6E67 		.ascii	"long unsigned int\000"
 582      20756E73 
 582      69676E65 
 582      6420696E 
 582      7400
 583              	.LASF13:
 584 0123 63795F6D 		.ascii	"cy_meta_custnvl\000"
ARM GAS  C:\Users\guest\AppData\Local\Temp\ccfT8tNk.s 			page 12


 584      6574615F 
 584      63757374 
 584      6E766C00 
 585              	.LASF12:
 586 0133 63795F6D 		.ascii	"cy_meta_configecc\000"
 586      6574615F 
 586      636F6E66 
 586      69676563 
 586      6300
 587              	.LASF8:
 588 0145 756E7369 		.ascii	"unsigned int\000"
 588      676E6564 
 588      20696E74 
 588      00
 589              	.LASF7:
 590 0152 6C6F6E67 		.ascii	"long long unsigned int\000"
 590      206C6F6E 
 590      6720756E 
 590      7369676E 
 590      65642069 
 591              	.LASF10:
 592 0169 75696E74 		.ascii	"uint8_t\000"
 592      385F7400 
 593              	.LASF15:
 594 0171 63795F6D 		.ascii	"cy_meta_flashprotect\000"
 594      6574615F 
 594      666C6173 
 594      6870726F 
 594      74656374 
 595              	.LASF14:
 596 0186 63795F6D 		.ascii	"cy_meta_wonvl\000"
 596      6574615F 
 596      776F6E76 
 596      6C00
 597              	.LASF11:
 598 0194 73697A65 		.ascii	"sizetype\000"
 598      74797065 
 598      00
 599              	.LASF6:
 600 019d 6C6F6E67 		.ascii	"long long int\000"
 600      206C6F6E 
 600      6720696E 
 600      7400
 601              	.LASF2:
 602 01ab 73686F72 		.ascii	"short int\000"
 602      7420696E 
 602      7400
 603              	.LASF4:
 604 01b5 6C6F6E67 		.ascii	"long int\000"
 604      20696E74 
 604      00
 605              	.LASF0:
 606 01be 7369676E 		.ascii	"signed char\000"
 606      65642063 
 606      68617200 
 607              	.LASF18:
 608 01ca 47656E65 		.ascii	"Generated_Source\\PSoC5\\cymetadata.c\000"
ARM GAS  C:\Users\guest\AppData\Local\Temp\ccfT8tNk.s 			page 13


 608      72617465 
 608      645F536F 
 608      75726365 
 608      5C50536F 
 609              		.ident	"GCC: (GNU Tools for ARM Embedded Processors) 5.4.1 20160609 (release) [ARM/embedded-5-bran
